<?xml version="1.0" encoding="UTF-8"?>
<testng-results ignored="0" total="1" passed="1" failed="0" skipped="0">
  <reporter-output>
  </reporter-output>
  <suite started-at="2022-06-30T00:54:48 IST" name="Default suite" finished-at="2022-06-30T00:55:00 IST" duration-ms="12308">
    <groups>
    </groups>
    <test started-at="2022-06-30T00:54:48 IST" name="Default test" finished-at="2022-06-30T00:55:00 IST" duration-ms="12308">
      <class name="com.TruckNet.TestCases.TC_01_LoginTest">
        <test-method is-config="true" signature="setup()[pri:0, instance:com.TruckNet.TestCases.TC_01_LoginTest@2fb3536e]" started-at="2022-06-30T00:54:48 IST" name="setup" finished-at="2022-06-30T00:54:50 IST" duration-ms="2072" status="PASS">
          <reporter-output>
          </reporter-output>
        </test-method> <!-- setup -->
        <test-method signature="loginTest()[pri:0, instance:com.TruckNet.TestCases.TC_01_LoginTest@2fb3536e]" started-at="2022-06-30T00:54:50 IST" name="loginTest" finished-at="2022-06-30T00:55:00 IST" duration-ms="10024" status="PASS">
          <reporter-output>
          </reporter-output>
        </test-method> <!-- loginTest -->
        <test-method is-config="true" signature="tearDown()[pri:0, instance:com.TruckNet.TestCases.TC_01_LoginTest@2fb3536e]" started-at="2022-06-30T00:55:00 IST" name="tearDown" finished-at="2022-06-30T00:55:00 IST" duration-ms="157" status="PASS">
          <reporter-output>
          </reporter-output>
        </test-method> <!-- tearDown -->
      </class> <!-- com.TruckNet.TestCases.TC_01_LoginTest -->
    </test> <!-- Default test -->
  </suite> <!-- Default suite -->
</testng-results>
